<?xml version="1.0" encoding="UTF-8"?>
<!-- Generated by org.testng.reporters.JUnitReportReporter -->
<testsuite hostname="sureshT" failures="0" tests="1" name="Fremeworks.DataDraven" time="12.744" errors="0" timestamp="2022-11-25T15:57:27 IST" skipped="0">
  <testcase classname="Fremeworks.DataDraven" name="operation" time="12.744"/>
  <system-out/>
</testsuite> <!-- Fremeworks.DataDraven -->
