<?xml version="1.0" encoding="UTF-8"?>
<!-- Generated by org.testng.reporters.JUnitReportReporter -->
<testsuite hostname="sureshT" failures="0" tests="1" name="Fremeworks.TestCase1" time="19.350" errors="0" timestamp="2022-11-23T14:41:43 IST" skipped="0">
  <testcase classname="Fremeworks.TestCase1" name="data" time="19.350"/>
  <system-out/>
</testsuite> <!-- Fremeworks.TestCase1 -->
