<?xml version="1.0" encoding="UTF-8"?>
<!-- Generated by org.testng.reporters.JUnitReportReporter -->
<testsuite hostname="sureshT" failures="0" tests="1" name="com.log4j.log4jHRM" time="6.193" errors="0" timestamp="2022-11-18T14:46:04 IST" skipped="0">
  <testcase classname="com.log4j.log4jHRM" name="operation" time="6.193"/>
  <system-out/>
</testsuite> <!-- com.log4j.log4jHRM -->
