<?xml version="1.0" encoding="UTF-8"?>
<!-- Generated by org.testng.reporters.JUnitReportReporter -->
<testsuite hostname="sureshT" failures="0" tests="1" name="Fremeworks.TestCase2" time="29.482" errors="0" timestamp="2022-11-25T16:02:28 IST" skipped="0">
  <testcase classname="Fremeworks.TestCase2" name="data" time="29.482"/>
  <system-out/>
</testsuite> <!-- Fremeworks.TestCase2 -->
