<?xml version="1.0" encoding="UTF-8"?>
<!-- Generated by org.testng.reporters.JUnitReportReporter -->
<testsuite hostname="sureshT" failures="0" tests="1" name="MavanHRMlogin" time="4.845" errors="0" timestamp="2022-11-17T11:28:17 IST" skipped="0">
  <testcase classname="MavanHRMlogin" name="oparetios" time="4.845"/>
  <system-out/>
</testsuite> <!-- MavanHRMlogin -->
