<?xml version="1.0" encoding="UTF-8"?>
<!-- Generated by org.testng.reporters.JUnitReportReporter -->
<testsuite hostname="sureshT" failures="0" tests="1" name="ExelFile.ExelRowandColoumn" time="0.532" errors="0" timestamp="2022-11-16T11:30:50 IST" skipped="0">
  <testcase classname="ExelFile.ExelRowandColoumn" name="operation" time="0.532"/>
  <system-out/>
</testsuite> <!-- ExelFile.ExelRowandColoumn -->
