<?xml version="1.0" encoding="UTF-8"?>
<!-- Generated by org.testng.reporters.JUnitReportReporter -->
<testsuite hostname="sureshT" failures="0" tests="1" name="ExelFile.ExelHRMlogin" time="4.050" errors="0" timestamp="2022-11-16T12:11:13 IST" skipped="0">
  <testcase classname="ExelFile.ExelHRMlogin" name="oparetios" time="4.050"/>
  <system-out/>
</testsuite> <!-- ExelFile.ExelHRMlogin -->
