<?xml version="1.0" encoding="UTF-8"?>
<!-- Generated by org.testng.reporters.JUnitReportReporter -->
<testsuite hostname="sureshT" failures="0" tests="2" name="ExelFile.FBlogin" time="6.592" errors="0" timestamp="2022-11-17T12:55:38 IST" skipped="0">
  <testcase classname="ExelFile.FBlogin" name="launch" time="1.418"/>
  <system-out/>
  <testcase classname="ExelFile.FBlogin" name="login" time="5.174"/>
  <system-out/>
</testsuite> <!-- ExelFile.FBlogin -->
