<?xml version="1.0" encoding="UTF-8"?>
<!-- Generated by org.testng.reporters.JUnitReportReporter -->
<testsuite hostname="sureshT" failures="0" tests="1" name="Database.SelectDB" time="0.354" errors="0" timestamp="2022-11-17T11:06:00 IST" skipped="0">
  <testcase classname="Database.SelectDB" name="testDB" time="0.354"/>
  <system-out/>
</testsuite> <!-- Database.SelectDB -->
