<?xml version="1.0" encoding="UTF-8"?>
<!-- Generated by org.testng.reporters.JUnitReportReporter -->
<testsuite hostname="sureshT" failures="0" tests="1" name="Sikuli.downloadFiles" time="15.595" errors="0" timestamp="2022-11-11T15:45:57 IST" skipped="0">
  <testcase classname="Sikuli.downloadFiles" name="windowElement" time="15.595"/>
  <system-out/>
</testsuite> <!-- Sikuli.downloadFiles -->
