<?xml version="1.0" encoding="UTF-8"?>
<!-- Generated by org.testng.reporters.JUnitReportReporter -->
<testsuite hostname="sureshT" failures="0" tests="3" name="TestNGListenars.VerfyLoginTC" time="13.922" errors="0" timestamp="2022-11-10T18:46:34 IST" skipped="0">
  <testcase classname="TestNGListenars.VerfyLoginTC" name="Login" time="13.439"/>
  <system-out/>
  <testcase classname="TestNGListenars.VerfyLoginTC" name="logInStatus" time="0.060"/>
  <system-out/>
  <testcase classname="TestNGListenars.VerfyLoginTC" name="logout" time="0.423"/>
  <system-out/>
</testsuite> <!-- TestNGListenars.VerfyLoginTC -->
