<?xml version="1.0" encoding="UTF-8"?>
<!-- Generated by org.testng.reporters.JUnitReportReporter -->
<testsuite hostname="sureshT" failures="0" tests="1" name="TestNg.sortAssert" time="12.355" errors="0" timestamp="2022-11-03T15:17:32 IST" skipped="0">
  <testcase classname="TestNg.sortAssert" name="operation" time="12.355"/>
  <system-out/>
</testsuite> <!-- TestNg.sortAssert -->
