<?xml version="1.0" encoding="UTF-8"?>
<!-- Generated by org.testng.reporters.JUnitReportReporter -->
<testsuite hostname="sureshT" failures="0" tests="1" name="TestNg.VerifyLoginPage" time="4.940" errors="0" timestamp="2022-10-19T21:25:04 IST" skipped="0">
  <testcase classname="TestNg.VerifyLoginPage" name="googleSearchClick" time="4.940"/>
  <system-out/>
</testsuite> <!-- TestNg.VerifyLoginPage -->
