<?xml version="1.0" encoding="UTF-8"?>
<!-- Generated by org.testng.reporters.JUnitReportReporter -->
<testsuite hostname="sureshT" failures="0" tests="1" name="Database.DBtesting" time="0.379" errors="0" timestamp="2022-11-17T10:50:02 IST" skipped="0">
  <testcase classname="Database.DBtesting" name="testDB" time="0.379"/>
  <system-out/>
</testsuite> <!-- Database.DBtesting -->
