<?xml version="1.0" encoding="UTF-8"?>
<!-- Generated by org.testng.reporters.JUnitReportReporter -->
<testsuite hostname="sureshT" failures="0" tests="3" name="TestNGGrouping.TestCase1" time="0.045" errors="0" timestamp="2022-11-10T18:54:03 IST" skipped="0">
  <testcase classname="TestNGGrouping.TestCase1" name="test2" time="0.008"/>
  <system-out/>
  <testcase classname="TestNGGrouping.TestCase1" name="test3" time="0.003"/>
  <system-out/>
  <testcase classname="TestNGGrouping.TestCase1" name="test1" time="0.034"/>
  <system-out/>
</testsuite> <!-- TestNGGrouping.TestCase1 -->
